2023-06-12 23:06:997 INFO  HomePage :46 - Accept cookies[[ChromeDriver: chrome on WINDOWS (5a143c8f3e26c756da58d32fe8adbd3e)] -> xpath: //label[@data-qa='accept-cookie-policy']]
2023-06-12 23:06:699 INFO  HomePage :46 - Accept cookies[[ChromeDriver: chrome on WINDOWS (47ddef2743cc12aef84c783dae60b8a0)] -> xpath: //label[@data-qa='accept-cookie-policy']]
2023-06-12 23:06:875 INFO  HomePage :60 - Clicking on online slots[[ChromeDriver: chrome on WINDOWS (47ddef2743cc12aef84c783dae60b8a0)] -> link text: Online Slots]
2023-06-12 23:06:304 INFO  HomePage :71 - Getting text[[ChromeDriver: chrome on WINDOWS (47ddef2743cc12aef84c783dae60b8a0)] -> xpath: //h1]
2023-06-12 23:06:48 INFO  HomePage :46 - Accept cookies[[ChromeDriver: chrome on WINDOWS (ccb4866d9cea9ecb966c142b1a7a72b8)] -> xpath: //label[@data-qa='accept-cookie-policy']]
2023-06-12 23:06:334 INFO  HomePage :64 - Clicking on Live Casino[[ChromeDriver: chrome on WINDOWS (ccb4866d9cea9ecb966c142b1a7a72b8)] -> link text: Live Casino]
2023-06-12 23:06:23 INFO  HomePage :71 - Getting text[[ChromeDriver: chrome on WINDOWS (ccb4866d9cea9ecb966c142b1a7a72b8)] -> xpath: //h1]
2023-06-12 23:06:961 INFO  HomePage :46 - Accept cookies[[ChromeDriver: chrome on WINDOWS (272c217f9255a719271312895786d209)] -> xpath: //label[@data-qa='accept-cookie-policy']]
2023-06-12 23:06:97 INFO  HomePage :68 - Clicking on Casino[[ChromeDriver: chrome on WINDOWS (272c217f9255a719271312895786d209)] -> link text: Casino]
2023-06-12 23:06:313 INFO  HomePage :71 - Getting text[[ChromeDriver: chrome on WINDOWS (272c217f9255a719271312895786d209)] -> xpath: //h1]
2023-06-15 23:06:443 INFO  HomePage :46 - Accept cookies[[ChromeDriver: chrome on WINDOWS (3702b958cde2132e780b76077ed6585c)] -> xpath: //label[@data-qa='accept-cookie-policy']]
2023-06-15 23:06:890 INFO  HomePage :46 - Accept cookies[[ChromeDriver: chrome on WINDOWS (bfd194e9ce43f872a12fae692f898928)] -> xpath: //label[@data-qa='accept-cookie-policy']]
2023-06-15 23:06:996 INFO  HomePage :60 - Clicking on online slots[[ChromeDriver: chrome on WINDOWS (bfd194e9ce43f872a12fae692f898928)] -> link text: Online Slots]
2023-06-15 23:06:683 INFO  HomePage :71 - Getting text[[ChromeDriver: chrome on WINDOWS (bfd194e9ce43f872a12fae692f898928)] -> xpath: //h1]
2023-06-15 23:06:74 INFO  HomePage :46 - Accept cookies[[ChromeDriver: chrome on WINDOWS (d311f9eb6866d4838b362e54987fa905)] -> xpath: //label[@data-qa='accept-cookie-policy']]
2023-06-15 23:06:171 INFO  HomePage :64 - Clicking on Live Casino[[ChromeDriver: chrome on WINDOWS (d311f9eb6866d4838b362e54987fa905)] -> link text: Live Casino]
2023-06-15 23:06:387 INFO  HomePage :71 - Getting text[[ChromeDriver: chrome on WINDOWS (d311f9eb6866d4838b362e54987fa905)] -> xpath: //h1]
2023-06-15 23:06:171 INFO  HomePage :46 - Accept cookies[[ChromeDriver: chrome on WINDOWS (73e69427952eb09b32a4d66764ef90c5)] -> xpath: //label[@data-qa='accept-cookie-policy']]
2023-06-15 23:06:279 INFO  HomePage :68 - Clicking on Casino[[ChromeDriver: chrome on WINDOWS (73e69427952eb09b32a4d66764ef90c5)] -> link text: Casino]
2023-06-15 23:06:426 INFO  HomePage :71 - Getting text[[ChromeDriver: chrome on WINDOWS (73e69427952eb09b32a4d66764ef90c5)] -> xpath: //h1]
